0 info it worked if it ends with ok
1 verbose cli [ '/usr/local/bin/node', '/usr/local/bin/npm', 'start' ]
2 info using npm@6.14.5
3 info using node@v14.4.0
4 verbose run-script [ 'prestart', 'start', 'poststart' ]
5 info lifecycle api1@1.0.0~prestart: api1@1.0.0
6 info lifecycle api1@1.0.0~start: api1@1.0.0
7 verbose lifecycle api1@1.0.0~start: unsafe-perm in lifecycle true
8 verbose lifecycle api1@1.0.0~start: PATH: /usr/local/lib/node_modules/npm/node_modules/npm-lifecycle/node-gyp-bin:/root/api-Nodejs-mariadb/node_modules/.bin:/usr/local/sbin:/usr/local/bin:/usr/sbin:/usr/bin:/sbin:/bin
9 verbose lifecycle api1@1.0.0~start: CWD: /root/api-Nodejs-mariadb
10 silly lifecycle api1@1.0.0~start: Args: [ '-c', 'node server.js' ]
11 silly lifecycle api1@1.0.0~start: Returned: code: 1  signal: null
12 info lifecycle api1@1.0.0~start: Failed to exec start script
13 verbose stack Error: api1@1.0.0 start: `node server.js`
13 verbose stack Exit status 1
13 verbose stack     at EventEmitter.<anonymous> (/usr/local/lib/node_modules/npm/node_modules/npm-lifecycle/index.js:332:16)
13 verbose stack     at EventEmitter.emit (events.js:315:20)
13 verbose stack     at ChildProcess.<anonymous> (/usr/local/lib/node_modules/npm/node_modules/npm-lifecycle/lib/spawn.js:55:14)
13 verbose stack     at ChildProcess.emit (events.js:315:20)
13 verbose stack     at maybeClose (internal/child_process.js:1051:16)
13 verbose stack     at Process.ChildProcess._handle.onexit (internal/child_process.js:287:5)
14 verbose pkgid api1@1.0.0
15 verbose cwd /root/api-Nodejs-mariadb
16 verbose Linux 4.15.0-66-generic
17 verbose argv "/usr/local/bin/node" "/usr/local/bin/npm" "start"
18 verbose node v14.4.0
19 verbose npm  v6.14.5
20 error code ELIFECYCLE
21 error errno 1
22 error api1@1.0.0 start: `node server.js`
22 error Exit status 1
23 error Failed at the api1@1.0.0 start script.
23 error This is probably not a problem with npm. There is likely additional logging output above.
24 verbose exit [ 1, true ]
